#
# A fatal error has been detected by the Java Runtime Environment:
#
#  EXCEPTION_ACCESS_VIOLATION (0xc0000005) at pc=0x00007ffaf60d1689, pid=4256, tid=0x0000000000000d68
#
# JRE version: OpenJDK Runtime Environment (8.0_392-b08) (build 1.8.0_392-b08)
# Java VM: OpenJDK 64-Bit Server VM (25.392-b08 mixed mode windows-amd64 compressed oops)
# Problematic frame:
# C  [vcruntime140.dll+0x1689]
#
# Failed to write core dump. Minidumps are not enabled by default on client versions of Windows
#
# If you would like to submit a bug report, please visit:
#   https://github.com/adoptium/adoptium-support/issues
# The crash happened outside the Java Virtual Machine in native code.
# See problematic frame for where to report the bug.
#

---------------  T H R E A D  ---------------

Current thread (0x0000015fcdd15800):  JavaThread "main" [_thread_in_native, id=3432, stack(0x0000003aa9300000,0x0000003aa9400000)]

siginfo: ExceptionCode=0xc0000005, writing address 0x0000000000000000

Registers:
RAX=0x0000000000000000, RBX=0x0000000000000000, RCX=0x00000000044c0558, RDX=0x0000000000000000
RSP=0x0000003aa93fd680, RBP=0x0000000000000001, RSI=0x0000015fe121b1a0, RDI=0x0000000000000000
R8 =0x00000000044c0558, R9 =0x0000000000000000, R10=0x0000000000000013, R11=0x0000000000000000
R12=0x0000003aa93fd850, R13=0x0000003aa93fd848, R14=0x00007ffaf5cf82ac, R15=0x0000000000000008
RIP=0x00007ffaf60d1689, EFLAGS=0x0000000000010207

Top of Stack: (sp=0x0000003aa93fd680)
0x0000003aa93fd680:   0000000000000000 00007ffaf5cf6385
0x0000003aa93fd690:   00000000044c0558 0000000000000001
0x0000003aa93fd6a0:   0000015fe121b1a0 0000015fcdcf0000
0x0000003aa93fd6b0:   00007ffaf5cf82ac 00007ffaf5cf4448
0x0000003aa93fd6c0:   0000000000000000 0000000000000001
0x0000003aa93fd6d0:   0000015fe121b1a0 0000000000000000
0x0000003aa93fd6e0:   0000015fcdcf5ce0 00007ffaf5cf4da6
0x0000003aa93fd6f0:   0000015fcdcf5ce0 0000015fe121b1a0
0x0000003aa93fd700:   000051a8dda1771c 000000000000005e
0x0000003aa93fd710:   00007ffaf5cf829c 0000015fe1538850
0x0000003aa93fd720:   00007ffaf5cf0000 00007ffaf5cf1743
0x0000003aa93fd730:   00007ffaf5cf82a4 0000015fe054d7a0
0x0000003aa93fd740:   0000015fcdcf5ce0 0000015fcdcf5ce0
0x0000003aa93fd750:   00007ffaf5cf829c 00007ffaf5cf82a4
0x0000003aa93fd760:   0000015fe054d7a0 0000003aa93fdd28
0x0000003aa93fd770:   00000000a2abae50 0000003aa93fd844 

Instructions: (pc=0x00007ffaf60d1689)
0x00007ffaf60d1669:   cc cc cc cc cc cc cc cc cc cc cc cc cc 66 66 0f
0x00007ffaf60d1679:   1f 84 00 00 00 00 00 57 8b c2 48 8b f9 49 8b c8
0x00007ffaf60d1689:   f3 aa 49 8b c3 5f c3 cc cc cc cc cc cc 66 66 0f
0x00007ffaf60d1699:   1f 84 00 00 00 00 00 4c 8b d9 0f b6 d2 49 b9 01 


Register to memory mapping:

RAX=0x0000000000000000 is an unknown value
RBX=0x0000000000000000 is an unknown value
RCX=0x00000000044c0558 is an unknown value
RDX=0x0000000000000000 is an unknown value
RSP=0x0000003aa93fd680 is pointing into the stack for thread: 0x0000015fcdd15800
RBP=0x0000000000000001 is an unknown value
RSI=0x0000015fe121b1a0 is an unknown value
RDI=0x0000000000000000 is an unknown value
R8 =0x00000000044c0558 is an unknown value
R9 =0x0000000000000000 is an unknown value
R10=0x0000000000000013 is an unknown value
R11=0x0000000000000000 is an unknown value
R12=0x0000003aa93fd850 is pointing into the stack for thread: 0x0000015fcdd15800
R13=0x0000003aa93fd848 is pointing into the stack for thread: 0x0000015fcdd15800
R14=0x00007ffaf5cf82ac is an unknown value
R15=0x0000000000000008 is an unknown value


Stack: [0x0000003aa9300000,0x0000003aa9400000],  sp=0x0000003aa93fd680,  free space=1013k
Native frames: (J=compiled Java code, j=interpreted, Vv=VM code, C=native code)
C  [vcruntime140.dll+0x1689]
C  [sld_filejni.dll+0x6385]
C  [sld_filejni.dll+0x4448]
C  [sld_filejni.dll+0x4da6]
C  [sld_filejni.dll+0x1743]
C  [sld_filejni.dll+0x1223]
C  0x0000015fcf599c8e

Java frames: (J=compiled Java code, j=interpreted, Vv=VM code)
j  com.altera.utilities.FileUtilities.read1(Ljava/lang/String;)Lcom/altera/utilities/FileUtilities$FileContents;+0
j  com.altera.utilities.FileUtilities.readFile(Ljava/io/File;)Lcom/altera/utilities/FileUtilities$FileContents;+70
j  com.altera.sopcmodel.components.tclmodule.LiveModuleTclInterpreter.tclToElementClass(Ljava/lang/String;Lcom/altera/librarianinterfaces/ILibrarian;Lcom/altera/entityinterfaces/message/IMessageLogger;)Lcom/altera/sopcmodel/components/tclmodule/LiveModuleClass;+54
j  com.altera.sopcmodel.components.tclmodule.TclModuleFactory.analyzeToElementClass(Ljava/io/File;Lcom/altera/entityinterfaces/message/IMessageLogger;)Lcom/altera/entityinterfaces/IElementClass;+11
j  com.altera.sopclibrary.conan.IpxUtils$CardThawer.getObject(Ljava/lang/Class;Lcom/altera/entityinterfaces/message/IMessageLogger;)Ljava/lang/Object;+135
j  com.altera.sopcmodel.util.CatalogCard.getObject(Ljava/lang/Class;Lcom/altera/entityinterfaces/message/IMessageLogger;)Ljava/lang/Object;+54
j  com.altera.sopcmodel.util.CatalogCard.getObject(Ljava/lang/Class;)Ljava/lang/Object;+7
j  com.altera.sopcmodel.components.tclmodule.LiveModuleScriptable.createModule(Ljava/lang/String;Lcom/altera/librarianinterfaces/IVersion;)Lcom/altera/entityinterfaces/IModule;+35
j  com.altera.sopcmodel.components.tclmodule.LiveModuleScriptable.acquireNewModule(Ljava/lang/String;Ljava/lang/String;Lcom/altera/librarianinterfaces/IVersion;)Lcom/altera/entityinterfaces/IModule;+3
j  com.altera.sopcmodel.components.tclmodule.LiveModuleScriptable.addInstance(Ljava/lang/String;Ljava/lang/String;Ljava/lang/String;)Ljava/lang/String;+74
v  ~StubRoutines::call_stub
j  sun.reflect.NativeMethodAccessorImpl.invoke0(Ljava/lang/reflect/Method;Ljava/lang/Object;[Ljava/lang/Object;)Ljava/lang/Object;+0
j  sun.reflect.NativeMethodAccessorImpl.invoke(Ljava/lang/Object;[Ljava/lang/Object;)Ljava/lang/Object;+100
J 3653 C2 sun.reflect.DelegatingMethodAccessorImpl.invoke(Ljava/lang/Object;[Ljava/lang/Object;)Ljava/lang/Object; (10 bytes) @ 0x0000015fcfafac44 [0x0000015fcfafac00+0x44]
j  java.lang.reflect.Method.invoke(Ljava/lang/Object;[Ljava/lang/Object;)Ljava/lang/Object;+56
j  com.altera.tcl.interpreter.SimpleTclReflectiveHelper$ReflectiveSimpleTclCommand.execute2([Ljava/lang/Object;)Ljava/lang/Object;+58
j  com.altera.tcl.interpreter.SimpleTclCommandHelper.executeCommand(Lcom/altera/tcl/interpreter/ISimpleTclCommand;[Ljava/lang/String;Lcom/altera/tcl/interpreter/SimpleTCLInterpreter;)Ljava/lang/String;+734
j  com.altera.tcl.interpreter.IsolatedTCLInterpreter$9.run()V+12
j  com.altera.tcl.interpreter.IsolatedTCLInterpreter$StackedTask.run()V+15
j  com.altera.tcl.interpreter.IsolatedTCLInterpreter$StackedContinuation.waitForCompletionOrMoreTask(Lcom/altera/tcl/interpreter/IsolatedTCLInterpreter$StackedTask;)V+36
j  com.altera.tcl.interpreter.IsolatedTCLInterpreter.executeInIsolationCell(Ljava/lang/Runnable;)V+69
j  com.altera.tcl.interpreter.IsolatedTCLInterpreter.evalScript(Ljava/lang/String;)V+10
j  com.altera.tcl.interpreter.ReflectiveTclInterpreter.evalScript(Ljava/lang/String;)V+5
j  com.altera.sopcmodel.components.tclmodule.LiveModuleTclInterpreter.readTcl(Ljava/lang/String;Ljava/lang/String;ILjava/lang/String;Lcom/altera/entityinterfaces/message/IMessageLogger;)Ljava/lang/String;+260
j  com.altera.sopcmodel.components.tclmodule.LiveModuleTclInterpreter.runCallback(Lcom/altera/sopcmodel/components/tclmodule/LiveModule;Ljava/lang/String;Lcom/altera/sopcmodel/components/tclmodule/LiveModuleScriptable$EContext;Lcom/altera/entityinterfaces/message/IMessageLogger;)Ljava/lang/String;+95
j  com.altera.sopcmodel.components.tclmodule.LiveModuleClass.runCallback(Lcom/altera/sopcmodel/components/tclmodule/LiveModule;Ljava/lang/String;Lcom/altera/sopcmodel/components/tclmodule/LiveModuleScriptable$EContext;Lcom/altera/entityinterfaces/message/IMessageLogger;)Ljava/lang/String;+9
j  com.altera.sopcmodel.components.tclmodule.LiveModuleClass.runMyCallback(Lcom/altera/sopcmodel/components/tclmodule/LiveModule;Lcom/altera/sopcmodel/components/tclmodule/LiveModuleClass$ECallback;Lcom/altera/entityinterfaces/message/IMessageLogger;[Ljava/lang/String;)Ljava/lang/String;+49
j  com.altera.sopcmodel.components.tclmodule.LiveModule.runTimedCallback(Lcom/altera/sopcmodel/components/tclmodule/LiveModuleClass$ECallback;Lcom/altera/entityinterfaces/message/IMessageLogger;[Ljava/lang/String;)Z+13
j  com.altera.sopcmodel.components.tclmodule.LiveModule.innerDoComposition(Lcom/altera/sopcmodel/util/MessageLogger;)V+190
j  com.altera.sopcmodel.components.tclmodule.LiveModule.elaborate(Lcom/altera/entityinterfaces/message/IMessageLogger;)Ljava/util/List;+127
j  com.altera.sopcmodel.components.tclmodule.LiveModule.validate(Lcom/altera/entityinterfaces/message/IMessageLogger;Ljava/util/Set;)Z+120
j  com.altera.sopcmodel.components.tclmodule.LiveModule.validate(Lcom/altera/entityinterfaces/message/IMessageLogger;)Z+5
j  com.altera.sopcmodel.sbtools.shared.SbModuleInstanceBase.validateModuleTillYouDrop(Lcom/altera/entityinterfaces/IModule;Lcom/altera/entityinterfaces/message/IMessageLogger;)V+14
j  com.altera.sopcmodel.sbtools.sbgenerate.SbGenerate.act()I+176
j  com.altera.utilities.AltCmdLineToolBase.runTheTool([Ljava/lang/String;)I+38
j  com.altera.sopcmodel.sbtools.sbgenerate.SbGenerate.main([Ljava/lang/String;)V+54
v  ~StubRoutines::call_stub

---------------  P R O C E S S  ---------------

Java Threads: ( => current thread )
  0x0000015fe25fd000 JavaThread "Tcl Isolation Thread" daemon [_thread_blocked, id=9888, stack(0x0000003aa9e00000,0x0000003aa9f00000)]
  0x0000015fdf7dc800 JavaThread "Service Thread" daemon [_thread_blocked, id=7788, stack(0x0000003aa9c00000,0x0000003aa9d00000)]
  0x0000015fdf797800 JavaThread "C1 CompilerThread2" daemon [_thread_blocked, id=1264, stack(0x0000003aa9b00000,0x0000003aa9c00000)]
  0x0000015fdf79b000 JavaThread "C2 CompilerThread1" daemon [_thread_blocked, id=5264, stack(0x0000003aa9a00000,0x0000003aa9b00000)]
  0x0000015fdf79a000 JavaThread "C2 CompilerThread0" daemon [_thread_blocked, id=10072, stack(0x0000003aa9900000,0x0000003aa9a00000)]
  0x0000015fdf78b800 JavaThread "Attach Listener" daemon [_thread_blocked, id=12328, stack(0x0000003aa9800000,0x0000003aa9900000)]
  0x0000015fdf78a000 JavaThread "Signal Dispatcher" daemon [_thread_blocked, id=1208, stack(0x0000003aa9700000,0x0000003aa9800000)]
  0x0000015fdf765800 JavaThread "Finalizer" daemon [_thread_blocked, id=4264, stack(0x0000003aa9600000,0x0000003aa9700000)]
  0x0000015fdf75d800 JavaThread "Reference Handler" daemon [_thread_blocked, id=5180, stack(0x0000003aa9500000,0x0000003aa9600000)]
=>0x0000015fcdd15800 JavaThread "main" [_thread_in_native, id=3432, stack(0x0000003aa9300000,0x0000003aa9400000)]

Other Threads:
  0x0000015fdf734000 VMThread [stack: 0x0000003aa9400000,0x0000003aa9500000] [id=12636]
  0x0000015fdf7e4800 WatcherThread [stack: 0x0000003aa9d00000,0x0000003aa9e00000] [id=13156]

VM state:not at safepoint (normal execution)

VM Mutex/Monitor currently owned by a thread: None

heap address: 0x00000000a2400000, size: 1500 MB, Compressed Oops mode: 32-bit
Narrow klass base: 0x0000000000000000, Narrow klass shift: 3
Compressed class space size: 1073741824 Address: 0x0000000100000000

Heap:
 def new generation   total 56512K, used 8915K [0x00000000a2400000, 0x00000000a6150000, 0x00000000c1800000)
  eden space 50240K,  14% used [0x00000000a2400000, 0x00000000a2b59f70, 0x00000000a5510000)
  from space 6272K,  22% used [0x00000000a5b30000, 0x00000000a5c8ad58, 0x00000000a6150000)
  to   space 6272K,   0% used [0x00000000a5510000, 0x00000000a5510000, 0x00000000a5b30000)
 tenured generation   total 125632K, used 11361K [0x00000000c1800000, 0x00000000c92b0000, 0x0000000100000000)
   the space 125632K,   9% used [0x00000000c1800000, 0x00000000c2318460, 0x00000000c2318600, 0x00000000c92b0000)
 Metaspace       used 17317K, capacity 17498K, committed 17792K, reserved 1064960K
  class space    used 1834K, capacity 1889K, committed 1920K, reserved 1048576K

Card table byte_map: [0x0000015fde940000,0x0000015fdec30000] byte_map_base: 0x0000015fde42e000

Polling page: 0x0000015fcdcb0000

CodeCache: size=245760Kb used=12194Kb max_used=12688Kb free=233565Kb
 bounds [0x0000015fcf580000, 0x0000015fd0250000, 0x0000015fde580000]
 total_blobs=3592 nmethods=3217 adapters=287
 compilation: enabled

Compilation events (10 events):
Event: 9.875 Thread 0x0000015fdf797800 3652       3       java.util.ComparableTimSort::gallopLeft (327 bytes)
Event: 9.876 Thread 0x0000015fdf797800 nmethod 3652 0x0000015fcf71ad90 code [0x0000015fcf71af80, 0x0000015fcf71ba40]
Event: 9.890 Thread 0x0000015fdf79b000 3653       4       sun.reflect.DelegatingMethodAccessorImpl::invoke (10 bytes)
Event: 9.890 Thread 0x0000015fdf797800 3654       1       com.altera.sopcmodel.util.ParameterDescriptor$Range::getLow (5 bytes)
Event: 9.890 Thread 0x0000015fdf797800 nmethod 3654 0x0000015fcfaa9b10 code [0x0000015fcfaa9c60, 0x0000015fcfaa9d78]
Event: 9.890 Thread 0x0000015fdf797800 3655       1       com.altera.sopcmodel.util.ParameterDescriptor$Range::getHigh (5 bytes)
Event: 9.890 Thread 0x0000015fdf797800 nmethod 3655 0x0000015fcfaf6450 code [0x0000015fcfaf65a0, 0x0000015fcfaf66b8]
Event: 9.890 Thread 0x0000015fdf797800 3656   !   3       com.altera.sopcmodel.util.ParameterDescriptor::check1Range (107 bytes)
Event: 9.891 Thread 0x0000015fdf79b000 nmethod 3653 0x0000015fcfafaad0 code [0x0000015fcfafac00, 0x0000015fcfafac78]
Event: 9.891 Thread 0x0000015fdf797800 nmethod 3656 0x0000015fcfa72fd0 code [0x0000015fcfa731c0, 0x0000015fcfa73e20]

GC Heap History (10 events):
Event: 6.080 GC heap before
{Heap before GC invocations=6 (full 0):
 def new generation   total 56512K, used 54221K [0x00000000a2400000, 0x00000000a6150000, 0x00000000c1800000)
  eden space 50240K, 100% used [0x00000000a2400000, 0x00000000a5510000, 0x00000000a5510000)
  from space 6272K,  63% used [0x00000000a5510000, 0x00000000a58f3428, 0x00000000a5b30000)
  to   space 6272K,   0% used [0x00000000a5b30000, 0x00000000a5b30000, 0x00000000a6150000)
 tenured generation   total 125632K, used 9567K [0x00000000c1800000, 0x00000000c92b0000, 0x0000000100000000)
   the space 125632K,   7% used [0x00000000c1800000, 0x00000000c2157e08, 0x00000000c2158000, 0x00000000c92b0000)
 Metaspace       used 13956K, capacity 14172K, committed 14336K, reserved 1062912K
  class space    used 1472K, capacity 1532K, committed 1536K, reserved 1048576K
Event: 6.088 GC heap after
Heap after GC invocations=7 (full 0):
 def new generation   total 56512K, used 4005K [0x00000000a2400000, 0x00000000a6150000, 0x00000000c1800000)
  eden space 50240K,   0% used [0x00000000a2400000, 0x00000000a2400000, 0x00000000a5510000)
  from space 6272K,  63% used [0x00000000a5b30000, 0x00000000a5f194f0, 0x00000000a6150000)
  to   space 6272K,   0% used [0x00000000a5510000, 0x00000000a5510000, 0x00000000a5b30000)
 tenured generation   total 125632K, used 9729K [0x00000000c1800000, 0x00000000c92b0000, 0x0000000100000000)
   the space 125632K,   7% used [0x00000000c1800000, 0x00000000c21805b8, 0x00000000c2180600, 0x00000000c92b0000)
 Metaspace       used 13956K, capacity 14172K, committed 14336K, reserved 1062912K
  class space    used 1472K, capacity 1532K, committed 1536K, reserved 1048576K
}
Event: 6.579 GC heap before
{Heap before GC invocations=7 (full 0):
 def new generation   total 56512K, used 54245K [0x00000000a2400000, 0x00000000a6150000, 0x00000000c1800000)
  eden space 50240K, 100% used [0x00000000a2400000, 0x00000000a5510000, 0x00000000a5510000)
  from space 6272K,  63% used [0x00000000a5b30000, 0x00000000a5f194f0, 0x00000000a6150000)
  to   space 6272K,   0% used [0x00000000a5510000, 0x00000000a5510000, 0x00000000a5b30000)
 tenured generation   total 125632K, used 9729K [0x00000000c1800000, 0x00000000c92b0000, 0x0000000100000000)
   the space 125632K,   7% used [0x00000000c1800000, 0x00000000c21805b8, 0x00000000c2180600, 0x00000000c92b0000)
 Metaspace       used 13983K, capacity 14172K, committed 14336K, reserved 1062912K
  class space    used 1472K, capacity 1532K, committed 1536K, reserved 1048576K
Event: 6.588 GC heap after
Heap after GC invocations=8 (full 0):
 def new generation   total 56512K, used 4028K [0x00000000a2400000, 0x00000000a6150000, 0x00000000c1800000)
  eden space 50240K,   0% used [0x00000000a2400000, 0x00000000a2400000, 0x00000000a5510000)
  from space 6272K,  64% used [0x00000000a5510000, 0x00000000a58ff2c8, 0x00000000a5b30000)
  to   space 6272K,   0% used [0x00000000a5b30000, 0x00000000a5b30000, 0x00000000a6150000)
 tenured generation   total 125632K, used 9881K [0x00000000c1800000, 0x00000000c92b0000, 0x0000000100000000)
   the space 125632K,   7% used [0x00000000c1800000, 0x00000000c21a65f0, 0x00000000c21a6600, 0x00000000c92b0000)
 Metaspace       used 13983K, capacity 14172K, committed 14336K, reserved 1062912K
  class space    used 1472K, capacity 1532K, committed 1536K, reserved 1048576K
}
Event: 7.331 GC heap before
{Heap before GC invocations=8 (full 0):
 def new generation   total 56512K, used 54268K [0x00000000a2400000, 0x00000000a6150000, 0x00000000c1800000)
  eden space 50240K, 100% used [0x00000000a2400000, 0x00000000a5510000, 0x00000000a5510000)
  from space 6272K,  64% used [0x00000000a5510000, 0x00000000a58ff2c8, 0x00000000a5b30000)
  to   space 6272K,   0% used [0x00000000a5b30000, 0x00000000a5b30000, 0x00000000a6150000)
 tenured generation   total 125632K, used 9881K [0x00000000c1800000, 0x00000000c92b0000, 0x0000000100000000)
   the space 125632K,   7% used [0x00000000c1800000, 0x00000000c21a65f0, 0x00000000c21a6600, 0x00000000c92b0000)
 Metaspace       used 14061K, capacity 14306K, committed 14592K, reserved 1062912K
  class space    used 1473K, capacity 1533K, committed 1536K, reserved 1048576K
Event: 7.339 GC heap after
Heap after GC invocations=9 (full 0):
 def new generation   total 56512K, used 4001K [0x00000000a2400000, 0x00000000a6150000, 0x00000000c1800000)
  eden space 50240K,   0% used [0x00000000a2400000, 0x00000000a2400000, 0x00000000a5510000)
  from space 6272K,  63% used [0x00000000a5b30000, 0x00000000a5f18578, 0x00000000a6150000)
  to   space 6272K,   0% used [0x00000000a5510000, 0x00000000a5510000, 0x00000000a5b30000)
 tenured generation   total 125632K, used 10009K [0x00000000c1800000, 0x00000000c92b0000, 0x0000000100000000)
   the space 125632K,   7% used [0x00000000c1800000, 0x00000000c21c65f8, 0x00000000c21c6600, 0x00000000c92b0000)
 Metaspace       used 14061K, capacity 14306K, committed 14592K, reserved 1062912K
  class space    used 1473K, capacity 1533K, committed 1536K, reserved 1048576K
}
Event: 8.171 GC heap before
{Heap before GC invocations=9 (full 0):
 def new generation   total 56512K, used 54241K [0x00000000a2400000, 0x00000000a6150000, 0x00000000c1800000)
  eden space 50240K, 100% used [0x00000000a2400000, 0x00000000a5510000, 0x00000000a5510000)
  from space 6272K,  63% used [0x00000000a5b30000, 0x00000000a5f18578, 0x00000000a6150000)
  to   space 6272K,   0% used [0x00000000a5510000, 0x00000000a5510000, 0x00000000a5b30000)
 tenured generation   total 125632K, used 10009K [0x00000000c1800000, 0x00000000c92b0000, 0x0000000100000000)
   the space 125632K,   7% used [0x00000000c1800000, 0x00000000c21c65f8, 0x00000000c21c6600, 0x00000000c92b0000)
 Metaspace       used 16234K, capacity 16468K, committed 16640K, reserved 1064960K
  class space    used 1705K, capacity 1760K, committed 1792K, reserved 1048576K
Event: 8.186 GC heap after
Heap after GC invocations=10 (full 0):
 def new generation   total 56512K, used 4925K [0x00000000a2400000, 0x00000000a6150000, 0x00000000c1800000)
  eden space 50240K,   0% used [0x00000000a2400000, 0x00000000a2400000, 0x00000000a5510000)
  from space 6272K,  78% used [0x00000000a5510000, 0x00000000a59df778, 0x00000000a5b30000)
  to   space 6272K,   0% used [0x00000000a5b30000, 0x00000000a5b30000, 0x00000000a6150000)
 tenured generation   total 125632K, used 10180K [0x00000000c1800000, 0x00000000c92b0000, 0x0000000100000000)
   the space 125632K,   8% used [0x00000000c1800000, 0x00000000c21f11d8, 0x00000000c21f1200, 0x00000000c92b0000)
 Metaspace       used 16234K, capacity 16468K, committed 16640K, reserved 1064960K
  class space    used 1705K, capacity 1760K, committed 1792K, reserved 1048576K
}
Event: 8.631 GC heap before
{Heap before GC invocations=10 (full 0):
 def new generation   total 56512K, used 55165K [0x00000000a2400000, 0x00000000a6150000, 0x00000000c1800000)
  eden space 50240K, 100% used [0x00000000a2400000, 0x00000000a5510000, 0x00000000a5510000)
  from space 6272K,  78% used [0x00000000a5510000, 0x00000000a59df778, 0x00000000a5b30000)
  to   space 6272K,   0% used [0x00000000a5b30000, 0x00000000a5b30000, 0x00000000a6150000)
 tenured generation   total 125632K, used 10180K [0x00000000c1800000, 0x00000000c92b0000, 0x0000000100000000)
   the space 125632K,   8% used [0x00000000c1800000, 0x00000000c21f11d8, 0x00000000c21f1200, 0x00000000c92b0000)
 Metaspace       used 17044K, capacity 17274K, committed 17536K, reserved 1064960K
  class space    used 1810K, capacity 1857K, committed 1920K, reserved 1048576K
Event: 8.639 GC heap after
Heap after GC invocations=11 (full 0):
 def new generation   total 56512K, used 1387K [0x00000000a2400000, 0x00000000a6150000, 0x00000000c1800000)
  eden space 50240K,   0% used [0x00000000a2400000, 0x00000000a2400000, 0x00000000a5510000)
  from space 6272K,  22% used [0x00000000a5b30000, 0x00000000a5c8ad58, 0x00000000a6150000)
  to   space 6272K,   0% used [0x00000000a5510000, 0x00000000a5510000, 0x00000000a5b30000)
 tenured generation   total 125632K, used 11361K [0x00000000c1800000, 0x00000000c92b0000, 0x0000000100000000)
   the space 125632K,   9% used [0x00000000c1800000, 0x00000000c2318460, 0x00000000c2318600, 0x00000000c92b0000)
 Metaspace       used 17044K, capacity 17274K, committed 17536K, reserved 1064960K
  class space    used 1810K, capacity 1857K, committed 1920K, reserved 1048576K
}

Deoptimization events (10 events):
Event: 8.280 Thread 0x0000015fcdd15800 Uncommon trap: reason=unstable_if action=reinterpret pc=0x0000015fcffe1c30 method=java.lang.Class.getGenericInfo()Lsun/reflect/generics/repository/ClassRepository; @ 6
Event: 8.280 Thread 0x0000015fcdd15800 Uncommon trap: reason=unloaded action=reinterpret pc=0x0000015fcfeb8f30 method=sun.reflect.generics.parser.SignatureParser.parseTypeArgument()Lsun/reflect/generics/tree/TypeArgument; @ 65
Event: 8.292 Thread 0x0000015fcdd15800 Uncommon trap: reason=unstable_if action=reinterpret pc=0x0000015fcffefadc method=java.lang.Class.arrayContentsEq([Ljava/lang/Object;[Ljava/lang/Object;)Z @ 57
Event: 8.299 Thread 0x0000015fcdd15800 Uncommon trap: reason=null_assert action=make_not_entrant pc=0x0000015fd01419a8 method=sun.reflect.generics.parser.SignatureParser.parseFieldTypeSignature(Z)Lsun/reflect/generics/tree/FieldTypeSignature; @ 58
Event: 8.299 Thread 0x0000015fcdd15800 Uncommon trap: reason=unstable_if action=reinterpret pc=0x0000015fcf681d28 method=java.lang.Class.getTypeName()Ljava/lang/String; @ 4
Event: 8.521 Thread 0x0000015fcdd15800 Uncommon trap: reason=unstable_if action=reinterpret pc=0x0000015fcfa1be64 method=com.altera.utilities.altNode.AltNode.getChildCount()I @ 4
Event: 8.642 Thread 0x0000015fcdd15800 Uncommon trap: reason=unstable_if action=reinterpret pc=0x0000015fd0071794 method=sun.reflect.generics.parser.SignatureParser.parseZeroOrMoreFormalTypeParameters()[Lsun/reflect/generics/tree/FormalTypeParameter; @ 6
Event: 8.642 Thread 0x0000015fcdd15800 Uncommon trap: reason=null_check action=make_not_entrant pc=0x0000015fcf76fecc method=com.sun.beans.TypeResolver.resolve(Ljava/lang/reflect/Type;Ljava/lang/reflect/Type;)Ljava/lang/reflect/Type; @ 167
Event: 8.646 Thread 0x0000015fcdd15800 Uncommon trap: reason=null_check action=make_not_entrant pc=0x0000015fcf95e10c method=com.sun.beans.TypeResolver.resolve(Ljava/lang/reflect/Type;Ljava/lang/reflect/Type;)Ljava/lang/reflect/Type; @ 167
Event: 8.647 Thread 0x0000015fcdd15800 Uncommon trap: reason=null_assert action=make_not_entrant pc=0x0000015fd0051760 method=sun.reflect.generics.parser.SignatureParser.parseFieldTypeSignature(Z)Lsun/reflect/generics/tree/FieldTypeSignature; @ 58

Classes redefined (0 events):
No events

Internal exceptions (10 events):
Event: 8.626 Thread 0x0000015fcdd15800 Exception <a 'java/lang/ClassNotFoundException': java/lang/ObjectCustomizer> (0x00000000a5419e38) thrown at [C:\workspace\openjdk-build\workspace\build\src\hotspot\src\share\vm\classfile\systemDictionary.cpp, line 217]
Event: 8.627 Thread 0x0000015fcdd15800 Exception <a 'java/lang/ClassNotFoundException': com/altera/sopcmodel/beanelement/BeanElementCustomizer> (0x00000000a543c450) thrown at [C:\workspace\openjdk-build\workspace\build\src\hotspot\src\share\vm\classfile\systemDictionary.cpp, line 217]
Event: 8.628 Thread 0x0000015fcdd15800 Exception <a 'java/lang/ClassNotFoundException': com/altera/sopcmodel/beanelement/BeanModuleCustomizer> (0x00000000a54786d8) thrown at [C:\workspace\openjdk-build\workspace\build\src\hotspot\src\share\vm\classfile\systemDictionary.cpp, line 217]
Event: 8.630 Thread 0x0000015fcdd15800 Exception <a 'java/lang/ClassNotFoundException': com/altera/sopcmodel/ensemble/EnsembleCustomizer> (0x00000000a549ee60) thrown at [C:\workspace\openjdk-build\workspace\build\src\hotspot\src\share\vm\classfile\systemDictionary.cpp, line 217]
Event: 8.640 Thread 0x0000015fcdd15800 Exception <a 'java/lang/ClassNotFoundException': java/lang/ObjectCustomizer> (0x00000000a2424aa0) thrown at [C:\workspace\openjdk-build\workspace\build\src\hotspot\src\share\vm\classfile\systemDictionary.cpp, line 217]
Event: 8.642 Thread 0x0000015fcdd15800 Exception <a 'java/lang/ClassNotFoundException': com/altera/sopcmodel/beanelement/BeanElementCustomizer> (0x00000000a2447b18) thrown at [C:\workspace\openjdk-build\workspace\build\src\hotspot\src\share\vm\classfile\systemDictionary.cpp, line 217]
Event: 8.642 Thread 0x0000015fcdd15800 Implicit null exception at 0x0000015fcf76e97f to 0x0000015fcf76fe8d
Event: 8.644 Thread 0x0000015fcdd15800 Exception <a 'java/lang/ClassNotFoundException': com/altera/sopcmodel/beanelement/BeanModuleCustomizer> (0x00000000a248a660) thrown at [C:\workspace\openjdk-build\workspace\build\src\hotspot\src\share\vm\classfile\systemDictionary.cpp, line 217]
Event: 8.646 Thread 0x0000015fcdd15800 Exception <a 'java/lang/ClassNotFoundException': com/altera/sopcmodel/ensemble/EnsembleCustomizer> (0x00000000a24b3660) thrown at [C:\workspace\openjdk-build\workspace\build\src\hotspot\src\share\vm\classfile\systemDictionary.cpp, line 217]
Event: 8.646 Thread 0x0000015fcdd15800 Implicit null exception at 0x0000015fcf95cfc7 to 0x0000015fcf95e0e1

Events (10 events):
Event: 9.887 loading class com/altera/entityinterfaces/moduleext/IElementValidateWithParent
Event: 9.888 loading class com/altera/entityinterfaces/moduleext/IElementValidateWithParent done
Event: 9.888 loading class com/altera/sopcmodel/ensemble/EnsembleSecurityValidator
Event: 9.888 loading class com/altera/sopcmodel/ensemble/EnsembleSecurityValidator done
Event: 9.889 loading class com/altera/sopcmodel/ensemble/EnsembleMultiThreadIDValidator
Event: 9.889 loading class com/altera/sopcmodel/ensemble/EnsembleMultiThreadIDValidator done
Event: 9.889 loading class com/altera/sopcmodel/ensemble/LockedInterfacesValidator
Event: 9.889 loading class com/altera/sopcmodel/ensemble/LockedInterfacesValidator done
Event: 9.890 loading class com/altera/sopcmodel/util/ParameterDescriptor$RangeChecker
Event: 9.890 loading class com/altera/sopcmodel/util/ParameterDescriptor$RangeChecker done


Dynamic libraries:
0x00007ff702440000 - 0x00007ff702491000 	C:\intelfpga_lite\23.1std\quartus\bin64\jre64\bin\java.exe
0x00007ffbd4710000 - 0x00007ffbd4905000 	C:\WINDOWS\SYSTEM32\ntdll.dll
0x00007ffbb10c0000 - 0x00007ffbb10d9000 	C:\Program Files\AVG\Antivirus\aswhook.dll
0x00007ffbd35f0000 - 0x00007ffbd36ad000 	C:\WINDOWS\System32\KERNEL32.DLL
0x00007ffbd2490000 - 0x00007ffbd275d000 	C:\WINDOWS\System32\KERNELBASE.dll
0x00007ffbd2f60000 - 0x00007ffbd300e000 	C:\WINDOWS\System32\ADVAPI32.dll
0x00007ffbd3410000 - 0x00007ffbd34ae000 	C:\WINDOWS\System32\msvcrt.dll
0x00007ffbd3160000 - 0x00007ffbd31fc000 	C:\WINDOWS\System32\sechost.dll
0x00007ffbd4410000 - 0x00007ffbd4535000 	C:\WINDOWS\System32\RPCRT4.dll
0x00007ffbd4240000 - 0x00007ffbd43e0000 	C:\WINDOWS\System32\USER32.dll
0x00007ffbd2080000 - 0x00007ffbd20a2000 	C:\WINDOWS\System32\win32u.dll
0x00007ffbd3c40000 - 0x00007ffbd3c6a000 	C:\WINDOWS\System32\GDI32.dll
0x00007ffbd2240000 - 0x00007ffbd234b000 	C:\WINDOWS\System32\gdi32full.dll
0x00007ffbd1e20000 - 0x00007ffbd1ebd000 	C:\WINDOWS\System32\msvcp_win.dll
0x00007ffbd1f10000 - 0x00007ffbd2010000 	C:\WINDOWS\System32\ucrtbase.dll
0x00007ffbc3ca0000 - 0x00007ffbc3f3a000 	C:\WINDOWS\WinSxS\amd64_microsoft.windows.common-controls_6595b64144ccf1df_6.0.19041.1110_none_60b5254171f9507e\COMCTL32.dll
0x00007ffbd43e0000 - 0x00007ffbd4410000 	C:\WINDOWS\System32\IMM32.DLL
0x00007ffaf60d0000 - 0x00007ffaf60e5000 	C:\intelfpga_lite\23.1std\quartus\bin64\jre64\bin\vcruntime140.dll
0x00007ffaf5ec0000 - 0x00007ffaf5f5b000 	C:\intelfpga_lite\23.1std\quartus\bin64\jre64\bin\msvcp140.dll
0x00000000777a0000 - 0x0000000077ff9000 	C:\intelfpga_lite\23.1std\quartus\bin64\jre64\bin\server\jvm.dll
0x00007ffbd34b0000 - 0x00007ffbd34b8000 	C:\WINDOWS\System32\PSAPI.DLL
0x00007ffbc4d60000 - 0x00007ffbc4d87000 	C:\WINDOWS\SYSTEM32\WINMM.dll
0x00007ffbd0c00000 - 0x00007ffbd0c0a000 	C:\WINDOWS\SYSTEM32\VERSION.dll
0x00007ffbcd2e0000 - 0x00007ffbcd2e9000 	C:\WINDOWS\SYSTEM32\WSOCK32.dll
0x00007ffbd3780000 - 0x00007ffbd37eb000 	C:\WINDOWS\System32\WS2_32.dll
0x00007ffbd0b60000 - 0x00007ffbd0b72000 	C:\WINDOWS\SYSTEM32\kernel.appcore.dll
0x00007ffbb3200000 - 0x00007ffbb3210000 	C:\intelfpga_lite\23.1std\quartus\bin64\jre64\bin\verify.dll
0x00007ffaf5e90000 - 0x00007ffaf5ebb000 	C:\intelfpga_lite\23.1std\quartus\bin64\jre64\bin\java.dll
0x00007ffaf5e70000 - 0x00007ffaf5e88000 	C:\intelfpga_lite\23.1std\quartus\bin64\jre64\bin\zip.dll
0x00007ffbd2810000 - 0x00007ffbd2f54000 	C:\WINDOWS\System32\SHELL32.dll
0x00007ffbcfc70000 - 0x00007ffbd0404000 	C:\WINDOWS\SYSTEM32\windows.storage.dll
0x00007ffbd38e0000 - 0x00007ffbd3c34000 	C:\WINDOWS\System32\combase.dll
0x00007ffbd1880000 - 0x00007ffbd18ac000 	C:\WINDOWS\SYSTEM32\Wldp.dll
0x00007ffbd2760000 - 0x00007ffbd280d000 	C:\WINDOWS\System32\SHCORE.dll
0x00007ffbd30a0000 - 0x00007ffbd30f5000 	C:\WINDOWS\System32\shlwapi.dll
0x00007ffbd1d60000 - 0x00007ffbd1d7f000 	C:\WINDOWS\SYSTEM32\profapi.dll
0x00007ffbd17d0000 - 0x00007ffbd17e8000 	C:\WINDOWS\SYSTEM32\CRYPTSP.dll
0x00007ffbd0ef0000 - 0x00007ffbd0f24000 	C:\WINDOWS\system32\rsaenh.dll
0x00007ffbd2210000 - 0x00007ffbd2237000 	C:\WINDOWS\System32\bcrypt.dll
0x00007ffbd1ce0000 - 0x00007ffbd1d0e000 	C:\WINDOWS\SYSTEM32\USERENV.dll
0x00007ffbd2400000 - 0x00007ffbd2482000 	C:\WINDOWS\System32\bcryptprimitives.dll
0x00007ffbd17f0000 - 0x00007ffbd17fc000 	C:\WINDOWS\SYSTEM32\CRYPTBASE.dll
0x00007ffaf5e50000 - 0x00007ffaf5e6c000 	C:\intelFPGA_lite\23.1std\quartus\bin64\jre64\bin\net.dll
0x00007ffbd15e0000 - 0x00007ffbd164a000 	C:\WINDOWS\system32\mswsock.dll
0x00007ffbd1280000 - 0x00007ffbd12bb000 	C:\WINDOWS\SYSTEM32\IPHLPAPI.DLL
0x00007ffbd4210000 - 0x00007ffbd4218000 	C:\WINDOWS\System32\NSI.dll
0x00007ffbc6880000 - 0x00007ffbc6897000 	C:\WINDOWS\SYSTEM32\dhcpcsvc6.DLL
0x00007ffbc8d30000 - 0x00007ffbc8d4d000 	C:\WINDOWS\SYSTEM32\dhcpcsvc.DLL
0x00007ffbd12c0000 - 0x00007ffbd138b000 	C:\WINDOWS\SYSTEM32\DNSAPI.dll
0x00007ffaf5e30000 - 0x00007ffaf5e43000 	C:\intelFPGA_lite\23.1std\quartus\bin64\jre64\bin\nio.dll
0x00007ffbb02d0000 - 0x00007ffbb02d6000 	C:\intelFPGA_lite\23.1std\quartus\bin64\sld_utiljni.dll
0x00000000555c0000 - 0x000000005574a000 	C:\intelFPGA_lite\23.1std\quartus\bin64\tcl86.dll
0x00007ffbd0c40000 - 0x00007ffbd0c5a000 	C:\WINDOWS\SYSTEM32\NETAPI32.dll
0x00007ffbd0b80000 - 0x00007ffbd0b99000 	C:\WINDOWS\SYSTEM32\SAMCLI.DLL
0x00007ffbd1390000 - 0x00007ffbd139c000 	C:\WINDOWS\SYSTEM32\NETUTILS.DLL
0x00007ffbd13a0000 - 0x00007ffbd13e4000 	C:\WINDOWS\SYSTEM32\LOGONCLI.DLL
0x00007ffb9fdb0000 - 0x00007ffb9fee0000 	C:\intelFPGA_lite\23.1std\quartus\bin64\ccl_sqlite3.dll
0x00007ffaf5e10000 - 0x00007ffaf5e22000 	C:\intelFPGA_lite\23.1std\quartus\bin64\ccl_sqlite3_jdbc_jni_bridge.dll
0x00007ffaf5cf0000 - 0x00007ffaf5e03000 	C:\intelFPGA_lite\23.1std\quartus\bin64\sld_filejni.dll
0x00007ffbd36b0000 - 0x00007ffbd377d000 	C:\WINDOWS\System32\OLEAUT32.dll
0x00007ffbd34c0000 - 0x00007ffbd35ea000 	C:\WINDOWS\System32\ole32.dll
0x00007ffbd37f0000 - 0x00007ffbd38cb000 	C:\WINDOWS\System32\COMDLG32.dll
0x00007ffbafe50000 - 0x00007ffbafe5a000 	C:\intelFPGA_lite\23.1std\quartus\bin64\tcl_jni_bridge.dll
0x00007ffb9f7b0000 - 0x00007ffb9f9a3000 	C:\intelFPGA_lite\23.1std\quartus\bin64\dbghelp.dll

VM Arguments:
jvm_args: -Xmx1500M -XX:+UseSerialGC 
java_command: com.altera.sopcmodel.sbtools.sbgenerate.SbGenerate --output-directory=C:/Users/User/Documents/Projet_reverb_FPGA/reverbFPGA/db/ip/sldba895ef3/ --project-directory=C:/Users/User/Documents/Projet_reverb_FPGA/reverbFPGA/ --file-set=QUARTUS_SYNTH --system-info=DEVICE_FAMILY=Cyclone V --report-file=xml:C:/Users/User/Documents/Projet_reverb_FPGA/reverbFPGA/db/ip/sldba895ef3/alt_sld_fab__report.xml --report-file=html:C:/Users/User/Documents/Projet_reverb_FPGA/reverbFPGA/db/ip/sldba895ef3/alt_sld_fab__report.html --component-name=alt_sld_fab --component-file=./db/ip/sldba895ef3/alt_sld_fab_wrapper_hw.tcl --report-file=sopcinfo:C:/Users/User/Documents/Projet_reverb_FPGA/reverbFPGA/db/ip/sldba895ef3/alt_sld_fab.sopcinfo --report-file=qip:C:/Users/User/Documents/Projet_reverb_FPGA/reverbFPGA/db/ip/sldba895ef3/alt_sld_fab.qip --remove-qsys-generate-warning
java_class_path (initial): C:/intelfpga_lite/23.1std/quartus/sopc_builder/model/lib\Nlview.jar;C:/intelfpga_lite/23.1std/quartus/sopc_builder/model/lib\TableLayout.jar;C:/intelfpga_lite/23.1std/quartus/sopc_builder/model/lib\appframework-1.03.jar;C:/intelfpga_lite/23.1std/quartus/sopc_builder/model/lib\asm-3.1.jar;C:/intelfpga_lite/23.1std/quartus/sopc_builder/model/lib\asm-commons-3.1.jar;C:/intelfpga_lite/23.1std/quartus/sopc_builder/model/lib\basicmodel.jar;C:/intelfpga_lite/23.1std/quartus/sopc_builder/model/lib\beansbinding-1.2.1.jar;C:/intelfpga_lite/23.1std/quartus/sopc_builder/model/lib\binding-2.0.6.jar;C:/intelfpga_lite/23.1std/quartus/sopc_builder/model/lib\com.altera.componenteditor2.jar;C:/intelfpga_lite/23.1std/quartus/sopc_builder/model/lib\com.altera.embeddedsw.app_lib.jar;C:/intelfpga_lite/23.1std/quartus/sopc_builder/model/lib\com.altera.embeddedsw.bsp.editor.jar;C:/intelfpga_lite/23.1std/quartus/sopc_builder/model/lib\com.altera.embeddedsw.bsp.elements.jar;C:/intelfpga_lite/23.1std/quartus/sopc_builder/model/lib\com.altera.embeddedsw.bsp.jar;C:/intelfpga_lite/23.1std/quartus/sopc_builder/model/lib\com.altera.embeddedsw.bsp.plugin.core.jar;C:/intelfpga_lite/23.1std/quartus/sopc_builder/model/lib\com.altera.embeddedsw.bsp.plugin.hal.jar;C:/intelfpga_lite/23.1std/quartus/sopc_builder/model/lib\com.altera.embeddedsw.bsp.plugin.lwhal.jar;C:/intelfpga_lite/23.1std/quartus/sopc_builder/model/lib\com.altera.embeddedsw.bsp.schema.jar;C:/intelfpga_lite/23.1std/quartus/sopc_builder/model/lib\com.altera.embeddedsw.bsp.scripting.jar;C:/intelfpga_lite/23.1std/quartus/sopc_builder/model/lib\com.altera.embeddedsw.commandline.jar;C:/intelfpga_lite/23.1std/quartus/sopc_builder/model/lib\com.altera.embeddedsw.cpexample.jar;C:/intelfpga_lite/23.1std/quartus/sopc_builder/model/lib\com.altera.embeddedsw.flash.jar;C:/intelfpga_lite/23.1std/quartus/sopc_builder/model/lib\com.altera.embeddedsw.launch.jar;C:/intelfpga_lite/23.1std/quartus/sopc_builder/model/lib\com.alter
Launcher Type: SUN_STANDARD

Environment Variables:
PATH=C:/intelfpga_lite/23.1std/quartus/bin64;c:\intelfpga_lite\23.1std\quartus\bin64\;c:\intelfpga_lite\23.1std\quartus\bin64\;C:\Program Files\NVIDIA GPU Computing Toolkit\CUDA\v12.0\bin;C:\Program Files\NVIDIA GPU Computing Toolkit\CUDA\v12.0\libnvvp;C:\Program Files\Eclipse Adoptium\jdk-17.0.4.101-hotspot\bin;C:\Program Files (x86)\Common Files\Oracle\Java\javapath;C:\WINDOWS\system32;C:\WINDOWS;C:\WINDOWS\System32\Wbem;C:\WINDOWS\System32\WindowsPowerShell\v1.0\;C:\WINDOWS\System32\OpenSSH\;C:\Program Files (x86)\NVIDIA Corporation\PhysX\Common;C:\Program Files\NVIDIA Corporation\NVIDIA NvDLISR;C:\Program Files\MATLAB\R2020a\runtime\win64;C:\Program Files\MATLAB\R2020a\bin;C:\WINDOWS\system32;C:\WINDOWS;C:\WINDOWS\System32\Wbem;C:\WINDOWS\System32\WindowsPowerShell\v1.0\;C:\WINDOWS\System32\OpenSSH\;C:\Program Files\Git\cmd;C:\msys64\mingw64\bin;C:\Program Files\NVIDIA Corporation\Nsight Compute 2022.4.1\;C:\Program Files\CMake\bin;C:\Program Files\PostgreSQL\15\bin;C:\intelFPGA_lite\23.1std\qprogrammer\bin;C:\Program Files\dotnet\;C:\Users\User\Documents\UE librairies de développement image\Libs\VTK\VTK-9.2.6-build\bin\Release;C:\Users\User\AppData\Local\Microsoft\WindowsApps;C:\Users\User\AppData\Local\Programs\MiKTeX\miktex\bin\x64\;C:\Users\User\AppData\Local\Programs\Microsoft VS Code\bin;C:\Users\User\AppData\Local\GitHubDesktop\bin;C:\Users\User\Documents\UE librairies de développement image\Libs\VTK\VTK-9.2.6-build\bin\Debug;C:\intelFPGA_lite\18.0\modelsim_ase\win32aloem;C:\Users\User\Documents\UE librairies de développement image\Libs\VTK\VTK-9.2.6-build\bin\Release;C:\Users\User\Documents\Son_deep_learning\ffmpeg\bin;;C:\intelFPGA_lite\23.1std\questa_fse\win64
USERNAME=User
OS=Windows_NT
PROCESSOR_IDENTIFIER=Intel64 Family 6 Model 61 Stepping 4, GenuineIntel



---------------  S Y S T E M  ---------------

OS: Windows 10 , 64 bit Build 19041 (10.0.19041.1706)

CPU:total 4 (initial active 4) (2 cores per cpu, 2 threads per core) family 6 model 61 stepping 4, cmov, cx8, fxsr, mmx, sse, sse2, sse3, ssse3, sse4.1, sse4.2, popcnt, avx, avx2, aes, clmul, erms, 3dnowpref, lzcnt, ht, tsc, tscinvbit, bmi1, bmi2, adx

Memory: 4k page, physical 11991380k(497516k free), swap 11991380k(36488k free)

vm_info: OpenJDK 64-Bit Server VM (25.392-b08) for windows-amd64 JRE (1.8.0_392-b08), built on Oct 18 2023 01:02:03 by "jenkins" with MS VC++ 15.9 (VS2017)

time: Wed Jan 31 16:36:35 2024
timezone: Romance Standard Time
elapsed time: 9.979162 seconds (0d 0h 0m 9s)

